# JRE version: OpenJDK Runtime Environment (17.0.10) (build 17.0.10+0-17.0.10b1087.21-11572160)
# Java VM: OpenJDK 64-Bit Server VM (17.0.10+0-17.0.10b1087.21-11572160, mixed mode, tiered, compressed oops, compressed class ptrs, g1 gc, linux-amd64)
GC Precious Log:
 CPUs: 4 total, 4 available
 Memory: 15883M
 Large Page Support: Disabled
 NUMA Support: Disabled
 Compressed Oops: Enabled (32-bit)
 Heap Region Size: 1M
 Heap Min Capacity: 8M
 Heap Initial Capacity: 250M
 Heap Max Capacity: 2G
 Pre-touch: Disabled
 Parallel Workers: 4
 Concurrent Workers: 1
 Concurrent Refinement Workers: 4
 Periodic GC: Disabled
Heap:
 garbage-first heap   total 232448K, used 164286K [0x0000000080000000, 0x0000000100000000)
  region size 1024K, 47 young (48128K), 5 survivors (5120K)
 Metaspace       used 111877K, committed 112832K, reserved 1179648K
  class space    used 15231K, committed 15680K, reserved 1048576K
GC Heap History (20 events):
Event: 38.012 GC heap before
{Heap before GC invocations=22 (full 0):
 garbage-first heap   total 232448K, used 180375K [0x0000000080000000, 0x0000000100000000)
  region size 1024K, 114 young (116736K), 4 survivors (4096K)
 Metaspace       used 87895K, committed 88512K, reserved 1179648K
  class space    used 12185K, committed 12480K, reserved 1048576K
}
Event: 38.047 GC heap after
{Heap after GC invocations=23 (full 0):
 garbage-first heap   total 232448K, used 72481K [0x0000000080000000, 0x0000000100000000)
  region size 1024K, 9 young (9216K), 9 survivors (9216K)
 Metaspace       used 87895K, committed 88512K, reserved 1179648K
  class space    used 12185K, committed 12480K, reserved 1048576K
}
Event: 38.107 GC heap before
{Heap before GC invocations=23 (full 0):
 garbage-first heap   total 232448K, used 74529K [0x0000000080000000, 0x0000000100000000)
  region size 1024K, 11 young (11264K), 9 survivors (9216K)
 Metaspace       used 87980K, committed 88640K, reserved 1179648K
  class space    used 12198K, committed 12480K, reserved 1048576K
}
Event: 38.134 GC heap after
{Heap after GC invocations=24 (full 0):
 garbage-first heap   total 232448K, used 73064K [0x0000000080000000, 0x0000000100000000)
  region size 1024K, 2 young (2048K), 2 survivors (2048K)
 Metaspace       used 87980K, committed 88640K, reserved 1179648K
  class space    used 12198K, committed 12480K, reserved 1048576K
}
Event: 42.870 GC heap before
{Heap before GC invocations=24 (full 0):
 garbage-first heap   total 232448K, used 182632K [0x0000000080000000, 0x0000000100000000)
  region size 1024K, 110 young (112640K), 2 survivors (2048K)
 Metaspace       used 95864K, committed 96512K, reserved 1179648K
  class space    used 13358K, committed 13632K, reserved 1048576K
}
Event: 42.922 GC heap after
{Heap after GC invocations=25 (full 0):
 garbage-first heap   total 232448K, used 79759K [0x0000000080000000, 0x0000000100000000)
  region size 1024K, 8 young (8192K), 8 survivors (8192K)
 Metaspace       used 95864K, committed 96512K, reserved 1179648K
  class space    used 13358K, committed 13632K, reserved 1048576K
}
Event: 46.260 GC heap before
{Heap before GC invocations=25 (full 0):
 garbage-first heap   total 232448K, used 184207K [0x0000000080000000, 0x0000000100000000)
  region size 1024K, 111 young (113664K), 8 survivors (8192K)
 Metaspace       used 97082K, committed 97856K, reserved 1179648K
  class space    used 13497K, committed 13888K, reserved 1048576K
}
Event: 46.305 GC heap after
{Heap after GC invocations=26 (full 0):
 garbage-first heap   total 232448K, used 85507K [0x0000000080000000, 0x0000000100000000)
  region size 1024K, 6 young (6144K), 6 survivors (6144K)
 Metaspace       used 97082K, committed 97856K, reserved 1179648K
  class space    used 13497K, committed 13888K, reserved 1048576K
}
Event: 48.361 GC heap before
{Heap before GC invocations=26 (full 0):
 garbage-first heap   total 232448K, used 190979K [0x0000000080000000, 0x0000000100000000)
  region size 1024K, 105 young (107520K), 6 survivors (6144K)
 Metaspace       used 101935K, committed 102592K, reserved 1179648K
  class space    used 14078K, committed 14400K, reserved 1048576K
}
Event: 48.391 GC heap after
{Heap after GC invocations=27 (full 0):
 garbage-first heap   total 232448K, used 89534K [0x0000000080000000, 0x0000000100000000)
  region size 1024K, 10 young (10240K), 10 survivors (10240K)
 Metaspace       used 101935K, committed 102592K, reserved 1179648K
  class space    used 14078K, committed 14400K, reserved 1048576K
}
Event: 49.633 GC heap before
{Heap before GC invocations=27 (full 0):
 garbage-first heap   total 232448K, used 131518K [0x0000000080000000, 0x0000000100000000)
  region size 1024K, 34 young (34816K), 10 survivors (10240K)
 Metaspace       used 103763K, committed 104448K, reserved 1179648K
  class space    used 14335K, committed 14656K, reserved 1048576K
}
Event: 49.659 GC heap after
{Heap after GC invocations=28 (full 0):
 garbage-first heap   total 232448K, used 110336K [0x0000000080000000, 0x0000000100000000)
  region size 1024K, 8 young (8192K), 8 survivors (8192K)
 Metaspace       used 103763K, committed 104448K, reserved 1179648K
  class space    used 14335K, committed 14656K, reserved 1048576K
}
Event: 50.148 GC heap before
{Heap before GC invocations=29 (full 0):
 garbage-first heap   total 232448K, used 136960K [0x0000000080000000, 0x0000000100000000)
  region size 1024K, 12 young (12288K), 8 survivors (8192K)
 Metaspace       used 103966K, committed 104640K, reserved 1179648K
  class space    used 14361K, committed 14656K, reserved 1048576K
}
Event: 50.161 GC heap after
{Heap after GC invocations=30 (full 0):
 garbage-first heap   total 232448K, used 99126K [0x0000000080000000, 0x0000000100000000)
  region size 1024K, 4 young (4096K), 4 survivors (4096K)
 Metaspace       used 103966K, committed 104640K, reserved 1179648K
  class space    used 14361K, committed 14656K, reserved 1048576K
}
Event: 480.259 GC heap before
{Heap before GC invocations=30 (full 0):
 garbage-first heap   total 232448K, used 188214K [0x0000000080000000, 0x0000000100000000)
  region size 1024K, 87 young (89088K), 4 survivors (4096K)
 Metaspace       used 107182K, committed 107968K, reserved 1179648K
  class space    used 14722K, committed 15104K, reserved 1048576K
}
Event: 480.295 GC heap after
{Heap after GC invocations=31 (full 0):
 garbage-first heap   total 232448K, used 99996K [0x0000000080000000, 0x0000000100000000)
  region size 1024K, 11 young (11264K), 11 survivors (11264K)
 Metaspace       used 107182K, committed 107968K, reserved 1179648K
  class space    used 14722K, committed 15104K, reserved 1048576K
}
Event: 501.485 GC heap before
{Heap before GC invocations=31 (full 0):
 garbage-first heap   total 232448K, used 182940K [0x0000000080000000, 0x0000000100000000)
  region size 1024K, 93 young (95232K), 11 survivors (11264K)
 Metaspace       used 109093K, committed 109888K, reserved 1179648K
  class space    used 14923K, committed 15296K, reserved 1048576K
}
Event: 501.548 GC heap after
{Heap after GC invocations=32 (full 0):
 garbage-first heap   total 232448K, used 102341K [0x0000000080000000, 0x0000000100000000)
  region size 1024K, 9 young (9216K), 9 survivors (9216K)
 Metaspace       used 109093K, committed 109888K, reserved 1179648K
  class space    used 14923K, committed 15296K, reserved 1048576K
}
Event: 504.608 GC heap before
{Heap before GC invocations=32 (full 0):
 garbage-first heap   total 232448K, used 183237K [0x0000000080000000, 0x0000000100000000)
  region size 1024K, 89 young (91136K), 9 survivors (9216K)
 Metaspace       used 111576K, committed 112448K, reserved 1179648K
  class space    used 15213K, committed 15616K, reserved 1048576K
}
Event: 504.639 GC heap after
{Heap after GC invocations=33 (full 0):
 garbage-first heap   total 232448K, used 106942K [0x0000000080000000, 0x0000000100000000)
  region size 1024K, 5 young (5120K), 5 survivors (5120K)
 Metaspace       used 111576K, committed 112448K, reserved 1179648K
  class space    used 15213K, committed 15616K, reserved 1048576K
}

